Build started 30/01/37 06:41:18 م.
     1>Project "D:\Safofoh\حاسب\خوارزميات\merge sort\merge sort\merge sort.vcxproj" on node 2 (Build target(s)).
     1>ClCompile:
         C:\Program Files (x86)\Microsoft Visual Studio 14.0\VC\bin\CL.exe /c /ZI /nologo /W3 /WX- /sdl /Od /Oy- /D _MBCS /Gm /EHsc /RTC1 /MDd /GS /fp:precise /Zc:wchar_t /Zc:forScope /Zc:inline /Fo"Debug\\" /Fd"Debug\vc140.pdb" /Gd /TP /analyze- /errorReport:prompt main.cpp
         main.cpp
       Link:
         C:\Program Files (x86)\Microsoft Visual Studio 14.0\VC\bin\link.exe /ERRORREPORT:PROMPT /OUT:"D:\Safofoh\حاسب\خوارزميات\merge sort\Debug\merge sort.exe" /INCREMENTAL /NOLOGO kernel32.lib user32.lib gdi32.lib winspool.lib comdlg32.lib advapi32.lib shell32.lib ole32.lib oleaut32.lib uuid.lib odbc32.lib odbccp32.lib /MANIFEST /MANIFESTUAC:"level='asInvoker' uiAccess='false'" /manifest:embed /Debug /PDB:"D:\Safofoh\حاسب\خوارزميات\merge sort\Debug\merge sort.pdb" /TLBID:1 /DYNAMICBASE /NXCOMPAT /IMPLIB:"D:\Safofoh\حاسب\خوارزميات\merge sort\Debug\merge sort.lib" /MACHINE:X86 Debug\main.obj
     1>LINK : fatal error LNK1168: cannot open D:\Safofoh\حاسب\خوارزميات\merge sort\Debug\merge sort.exe for writing
     1>Done Building Project "D:\Safofoh\حاسب\خوارزميات\merge sort\merge sort\merge sort.vcxproj" (Build target(s)) -- FAILED.

Build FAILED.

Time Elapsed 00:00:02.63
